*** Starting uWSGI 2.0.17.1 (64bit) on [Fri Aug 17 12:50:19 2018] ***
compiled with version: 7.2.0 on 17 August 2018 03:54:18
os: Linux-4.15.0-21deepin-generic #21 SMP Mon May 21 05:20:09 UTC 2018
nodename: rango-PC
machine: x86_64
clock source: unix
pcre jit disabled
detected number of CPU cores: 8
current working directory: /home/rango/src/blog_flask
writing pidfile to uwsgi.pid
detected binary path: /home/rango/src/flasky-master/venv/bin/uwsgi
chdir() to /home/rango/src/blog_flask
your processes number limit is 31043
your memory page size is 4096 bytes
detected max file descriptor number: 1048576
lock engine: pthread robust mutexes
thunder lock: disabled (you can enable it with --thunder-lock)
uwsgi socket 0 bound to TCP address 127.0.0.1:5000 fd 3
Python version: 3.5.4rc1 (default, Jul 25 2017, 08:53:34)  [GCC 6.4.0 20170704]
*** Python threads support is disabled. You can enable it with --enable-threads ***
Python main interpreter initialized at 0x56456df5e450
your server socket listen backlog is limited to 100 connections
your mercy for graceful operations on workers is 60 seconds
mapped 364520 bytes (355 KB) for 4 cores
*** Operational MODE: preforking ***
Traceback (most recent call last):
  File "./manage.py", line 1, in <module>
    from flask_script import Manager, Shell, Server
  File "/home/rango/src/flasky-master/venv/lib/python3.5/site-packages/flask_script/__init__.py", line 14, in <module>
    from flask import Flask
  File "/home/rango/src/flasky-master/venv/lib/python3.5/site-packages/flask/__init__.py", line 19, in <module>
    from jinja2 import Markup, escape
  File "/home/rango/src/flasky-master/venv/lib/python3.5/site-packages/jinja2/__init__.py", line 33, in <module>
    from jinja2.environment import Environment, Template
  File "/home/rango/src/flasky-master/venv/lib/python3.5/site-packages/jinja2/environment.py", line 15, in <module>
    from jinja2 import nodes
  File "/home/rango/src/flasky-master/venv/lib/python3.5/site-packages/jinja2/nodes.py", line 19, in <module>
    from jinja2.utils import Markup
  File "/home/rango/src/flasky-master/venv/lib/python3.5/site-packages/jinja2/utils.py", line 624, in <module>
    from markupsafe import Markup, escape, soft_unicode
ImportError: No module named 'markupsafe'
unable to load app 0 (mountpoint='') (callable not found or import error)
Traceback (most recent call last):
  File "manage.py", line 1, in <module>
    from flask_script import Manager, Shell, Server
  File "/home/rango/src/flasky-master/venv/lib/python3.5/site-packages/flask_script/__init__.py", line 14, in <module>
    from flask import Flask
  File "/home/rango/src/flasky-master/venv/lib/python3.5/site-packages/flask/__init__.py", line 19, in <module>
    from jinja2 import Markup, escape
  File "/home/rango/src/flasky-master/venv/lib/python3.5/site-packages/jinja2/__init__.py", line 33, in <module>
    from jinja2.environment import Environment, Template
  File "/home/rango/src/flasky-master/venv/lib/python3.5/site-packages/jinja2/environment.py", line 15, in <module>
    from jinja2 import nodes
  File "/home/rango/src/flasky-master/venv/lib/python3.5/site-packages/jinja2/nodes.py", line 19, in <module>
    from jinja2.utils import Markup
  File "/home/rango/src/flasky-master/venv/lib/python3.5/site-packages/jinja2/utils.py", line 624, in <module>
    from markupsafe import Markup, escape, soft_unicode
ImportError: No module named 'markupsafe'
unable to load app 0 (mountpoint='') (callable not found or import error)
*** no app loaded. going in full dynamic mode ***
*** uWSGI is running in multiple interpreter mode ***
spawned uWSGI master process (pid: 13793)
spawned uWSGI worker 1 (pid: 13794, cores: 1)
spawned uWSGI worker 2 (pid: 13795, cores: 1)
spawned uWSGI worker 3 (pid: 13796, cores: 1)
spawned uWSGI worker 4 (pid: 13797, cores: 1)
*** Stats server enabled on 127.0.0.1:9191 fd: 15 ***
SIGINT/SIGQUIT received...killing workers...
worker 1 buried after 1 seconds
worker 2 buried after 1 seconds
worker 3 buried after 1 seconds
worker 4 buried after 1 seconds
goodbye to uWSGI.
VACUUM: pidfile removed.
